#
# A fatal error has been detected by the Java Runtime Environment:
#
#  EXCEPTION_ACCESS_VIOLATION (0xc0000005) at pc=0x713b65ee, pid=2628, tid=0x00000b34
#
# JRE version: Java(TM) SE Runtime Environment (8.0_144-b01) (build 1.8.0_144-b01)
# Java VM: Java HotSpot(TM) Client VM (25.144-b01 mixed mode windows-x86 )
# Problematic frame:
# V  [jvm.dll+0xe65ee]
#
# Failed to write core dump. Minidumps are not enabled by default on client versions of Windows
#
# If you would like to submit a bug report, please visit:
#   http://bugreport.java.com/bugreport/crash.jsp
#

---------------  T H R E A D  ---------------

Current thread (0x27a00800):  JavaThread "EventThread COM7" [_thread_in_vm, id=2868, stack(0x262d0000,0x26320000)]

siginfo: ExceptionCode=0xc0000005, reading address 0x00000000

Registers:
EAX=0x00000000, EBX=0x26c17bd0, ECX=0x27a00800, EDX=0x0000009f
ESP=0x2631ed3c, EBP=0x2631ed58, ESI=0x00000000, EDI=0x27a00800
EIP=0x713b65ee, EFLAGS=0x00010246

Top of Stack: (sp=0x2631ed3c)
0x2631ed3c:   2631ed74 27a00940 26c17bd0 27a00800
0x2631ed4c:   274c31ac 0000009f 715b20b8 2631f1d8
0x2631ed5c:   6400183d 27a00940 00000000 00000000
0x2631ed6c:   00000417 2631ed74 4d524e47 35302c43
0x2631ed7c:   39353831 2c30302e 2c2c2c56 2c2c2c2c
0x2631ed8c:   32303331 2c2c3032 362a4e2c 240a0d31
0x2631ed9c:   54564e47 2c2c2c47 2c2c2c2c 2a4e2c2c
0x2631edac:   0a0d4532 474e4724 302c4147 35383135 

Instructions: (pc=0x713b65ee)
0x713b65ce:   c4 08 83 7f 04 00 89 7d f0 c7 45 f4 00 00 00 00
0x713b65de:   74 08 8d 4d f0 e8 28 1c 0c 00 8b 75 10 8b 45 0c
0x713b65ee:   8b 10 85 f6 78 32 8b 45 14 85 c0 78 2b 8d 0c 06
0x713b65fe:   3b 4a 08 77 23 85 c0 7e 3b 8b 4a 04 8b 49 04 83 


Register to memory mapping:

EAX=0x00000000 is an unknown value
EBX=0x26c17bd0 is an unknown value
ECX=0x27a00800 is a thread
EDX=0x0000009f is an unknown value
ESP=0x2631ed3c is pointing into the stack for thread: 0x27a00800
EBP=0x2631ed58 is pointing into the stack for thread: 0x27a00800
ESI=0x00000000 is an unknown value
EDI=0x27a00800 is a thread


Stack: [0x262d0000,0x26320000],  sp=0x2631ed3c,  free space=315k
Native frames: (J=compiled Java code, j=interpreted, Vv=VM code, C=native code)
V  [jvm.dll+0xe65ee]
C  [jSSC-2.8_x86.dll+0x183d]
J 3201  jssc.SerialNativeInterface.readBytes(JI)[B (0 bytes) @ 0x02dda9e5 [0x02dda950+0x95]
J 42019 C1 processing.app.Serial.serialEvent(Ljssc/SerialPortEvent;)V (195 bytes) @ 0x02b92434 [0x02b92300+0x134]
J 3899% C1 jssc.SerialPort$EventThread.run()V (84 bytes) @ 0x02dda3a4 [0x02dda240+0x164]
v  ~StubRoutines::call_stub
V  [jvm.dll+0x15af45]
V  [jvm.dll+0x2213ae]
V  [jvm.dll+0x15afde]
V  [jvm.dll+0x15b166]
V  [jvm.dll+0x15b1d7]
V  [jvm.dll+0xff36f]
V  [jvm.dll+0x17dc30]
V  [jvm.dll+0x17e4aa]
V  [jvm.dll+0x1c2ec6]
C  [msvcr100.dll+0x5c556]
C  [msvcr100.dll+0x5c600]
C  [kernel32.dll+0x1343d]
C  [ntdll.dll+0x39812]
C  [ntdll.dll+0x397e5]
C  0x00000000

Java frames: (J=compiled Java code, j=interpreted, Vv=VM code)
J 3201  jssc.SerialNativeInterface.readBytes(JI)[B (0 bytes) @ 0x02dda9a1 [0x02dda950+0x51]
J 42019 C1 processing.app.Serial.serialEvent(Ljssc/SerialPortEvent;)V (195 bytes) @ 0x02b92434 [0x02b92300+0x134]
J 3899% C1 jssc.SerialPort$EventThread.run()V (84 bytes) @ 0x02dda3a4 [0x02dda240+0x164]
v  ~StubRoutines::call_stub

---------------  P R O C E S S  ---------------

Java Threads: ( => current thread )
=>0x27a00800 JavaThread "EventThread COM7" [_thread_in_vm, id=2868, stack(0x262d0000,0x26320000)]
  0x27a00000 JavaThread "DestroyJavaVM" [_thread_blocked, id=6888, stack(0x011d0000,0x01220000)]
  0x279fe000 JavaThread "TimerQueue" daemon [_thread_blocked, id=3404, stack(0x2a670000,0x2a6c0000)]
  0x26206800 JavaThread "AWT-EventQueue-0" [_thread_blocked, id=3116, stack(0x29a00000,0x29a50000)]
  0x26206000 JavaThread "AWT-Shutdown" [_thread_blocked, id=4688, stack(0x29670000,0x296c0000)]
  0x26205400 JavaThread "Batik CleanerThread" daemon [_thread_blocked, id=2428, stack(0x29340000,0x29390000)]
  0x26204800 JavaThread "Timer-0" [_thread_blocked, id=3192, stack(0x29050000,0x290a0000)]
  0x26204400 JavaThread "JmDNS(aut-PC.local.).State.Timer" daemon [_thread_blocked, id=5688, stack(0x28ce0000,0x28d30000)]
  0x26203400 JavaThread "SocketListener(aut-PC.local.)" daemon [_thread_in_native, id=3948, stack(0x28e40000,0x28e90000)]
  0x26203000 JavaThread "JmDNS(aut-PC.local.).State.Timer" daemon [_thread_blocked, id=5240, stack(0x289d0000,0x28a20000)]
  0x26202800 JavaThread "JmDNS(aut-PC.local.).Timer" daemon [_thread_blocked, id=5868, stack(0x287a0000,0x287f0000)]
  0x26202400 JavaThread "SocketListener(aut-PC.local.)" daemon [_thread_in_native, id=1728, stack(0x28970000,0x289c0000)]
  0x26201c00 JavaThread "JmDNS(aut-PC.local.).State.Timer" daemon [_thread_blocked, id=448, stack(0x28a80000,0x28ad0000)]
  0x26201800 JavaThread "JmDNS(aut-PC.local.).Timer" daemon [_thread_blocked, id=5540, stack(0x28a20000,0x28a70000)]
  0x26201000 JavaThread "SocketListener(aut-PC.local.)" daemon [_thread_in_native, id=1096, stack(0x286d0000,0x28720000)]
  0x26200800 JavaThread "JmDNS(aut-PC.local.).State.Timer" daemon [_thread_blocked, id=3536, stack(0x28650000,0x286a0000)]
  0x26200400 JavaThread "JmDNS(aut-PC.local.).Timer" daemon [_thread_blocked, id=7084, stack(0x287f0000,0x28840000)]
  0x261ffc00 JavaThread "SocketListener(aut-PC.local.)" daemon [_thread_in_native, id=5412, stack(0x28350000,0x283a0000)]
  0x261ff800 JavaThread "JmDNS(aut-PC.local.).State.Timer" daemon [_thread_blocked, id=3512, stack(0x28110000,0x28160000)]
  0x261ff000 JavaThread "JmDNS(aut-PC.local.).Timer" daemon [_thread_blocked, id=4100, stack(0x26f60000,0x26fb0000)]
  0x27493000 JavaThread "SocketListener(aut-PC.local.)" daemon [_thread_in_native, id=1420, stack(0x284d0000,0x28520000)]
  0x27492400 JavaThread "JmDNS(aut-PC.local.).State.Timer" daemon [_thread_blocked, id=2844, stack(0x28300000,0x28350000)]
  0x274ad800 JavaThread "JmDNS(aut-PC.local.).Timer" daemon [_thread_blocked, id=7056, stack(0x281e0000,0x28230000)]
  0x274ad400 JavaThread "SocketListener(aut-PC.local.)" daemon [_thread_in_native, id=4124, stack(0x25ad0000,0x25b20000)]
  0x27466400 JavaThread "Multihomed mDNS.Timer" daemon [_thread_blocked, id=5964, stack(0x00380000,0x003d0000)]
  0x2747e800 JavaThread "cc.arduino.packages.discoverers.serial.SerialBoardsLister" [_thread_blocked, id=6568, stack(0x27ef0000,0x27f40000)]
  0x26141000 JavaThread "AWT-Windows" daemon [_thread_in_native, id=5696, stack(0x26e80000,0x26ed0000)]
  0x2613f800 JavaThread "Java2D Disposer" daemon [_thread_blocked, id=5128, stack(0x26f00000,0x26f50000)]
  0x25308800 JavaThread "Service Thread" daemon [_thread_blocked, id=6844, stack(0x25e30000,0x25e80000)]
  0x25310400 JavaThread "C1 CompilerThread0" daemon [_thread_blocked, id=4192, stack(0x25bf0000,0x25c40000)]
  0x2530ec00 JavaThread "Attach Listener" daemon [_thread_blocked, id=5392, stack(0x25c60000,0x25cb0000)]
  0x2530bc00 JavaThread "Signal Dispatcher" daemon [_thread_blocked, id=6396, stack(0x25b90000,0x25be0000)]
  0x252eb800 JavaThread "Finalizer" daemon [_thread_blocked, id=6868, stack(0x25850000,0x258a0000)]
  0x252c6000 JavaThread "Reference Handler" daemon [_thread_blocked, id=4488, stack(0x25930000,0x25980000)]

Other Threads:
  0x252bf400 VMThread [stack: 0x258a0000,0x258f0000] [id=4036]
  0x25322800 WatcherThread [stack: 0x25e80000,0x25ed0000] [id=6704]

VM state:synchronizing (normal execution)

VM Mutex/Monitor currently owned by a thread:  ([mutex/lock_event])
[0x00dacbf0] Threads_lock - owner thread: 0x252bf400
[0x00dad000] Heap_lock - owner thread: 0x26204400

Heap:
 def new generation   total 157248K, used 157247K [0x04c00000, 0x0f6a0000, 0x0f6a0000)
  eden space 139776K,  99% used [0x04c00000, 0x0d47fff8, 0x0d480000)
  from space 17472K,  99% used [0x0e590000, 0x0f69ffe0, 0x0f6a0000)
  to   space 17472K,   0% used [0x0d480000, 0x0d480000, 0x0e590000)
 tenured generation   total 349568K, used 349567K [0x0f6a0000, 0x24c00000, 0x24c00000)
   the space 349568K,  99% used [0x0f6a0000, 0x24bfff90, 0x24c00000, 0x24c00000)
 Metaspace       used 20473K, capacity 20928K, committed 21120K, reserved 21888K

Card table byte_map: [0x24c00000,0x24d10000] byte_map_base: 0x24bda000

Polling page: 0x00160000

CodeCache: size=32768Kb used=2022Kb max_used=4403Kb free=30746Kb
 bounds [0x02aa0000, 0x02ef0000, 0x04aa0000]
 total_blobs=1234 nmethods=951 adapters=210
 compilation: enabled

Compilation events (10 events):
Event: 16147.764 Thread 0x25310400 45906             java.util.concurrent.locks.AbstractQueuedSynchronizer$ConditionObject::doSignal (43 bytes)
Event: 16147.764 Thread 0x25310400 nmethod 45906 0x02d774c8 code [0x02d775d0, 0x02d776dc]
Event: 16185.346 Thread 0x25310400 45907   !         java.util.concurrent.DelayQueue::offer (60 bytes)
Event: 16185.347 Thread 0x25310400 nmethod 45907 0x02be9e08 code [0x02be9f80, 0x02bea224]
Event: 16225.510 Thread 0x25310400 45908             java.lang.String::startsWith (72 bytes)
Event: 16229.427 Thread 0x25310400 nmethod 45908 0x02d75108 code [0x02d75210, 0x02d75340]
Event: 16229.428 Thread 0x25310400 45909             java.lang.String::regionMatches (149 bytes)
Event: 16230.830 Thread 0x25310400 nmethod 45909 0x02e1cdc8 code [0x02e1cf40, 0x02e1d240]
Event: 16230.830 Thread 0x25310400 45910             javax.jmdns.impl.DNSOutgoing$MessageOutputStream::writeUTF (207 bytes)
Event: 16230.831 Thread 0x25310400 nmethod 45910 0x02e838c8 code [0x02e83a40, 0x02e83dac]

GC Heap History (10 events):
Event: 16271.136 GC heap before
{Heap before GC invocations=6666 (full 4100):
 def new generation   total 157248K, used 157247K [0x04c00000, 0x0f6a0000, 0x0f6a0000)
  eden space 139776K,  99% used [0x04c00000, 0x0d47fff8, 0x0d480000)
  from space 17472K,  99% used [0x0e590000, 0x0f69ffd8, 0x0f6a0000)
  to   space 17472K,   0% used [0x0d480000, 0x0d480000, 0x0e590000)
 tenured generation   total 349568K, used 349567K [0x0f6a0000, 0x24c00000, 0x24c00000)
   the space 349568K,  99% used [0x0f6a0000, 0x24bfff90, 0x24c00000, 0x24c00000)
 Metaspace       used 20473K, capacity 20928K, committed 21120K, reserved 21888K
Event: 16272.522 GC heap after
Heap after GC invocations=6667 (full 4101):
 def new generation   total 157248K, used 157246K [0x04c00000, 0x0f6a0000, 0x0f6a0000)
  eden space 139776K,  99% used [0x04c00000, 0x0d47ffd8, 0x0d480000)
  from space 17472K,  99% used [0x0e590000, 0x0f69fa38, 0x0f6a0000)
  to   space 17472K,   0% used [0x0d480000, 0x0d480000, 0x0e590000)
 tenured generation   total 349568K, used 349567K [0x0f6a0000, 0x24c00000, 0x24c00000)
   the space 349568K,  99% used [0x0f6a0000, 0x24bfff90, 0x24c00000, 0x24c00000)
 Metaspace       used 20473K, capacity 20928K, committed 21120K, reserved 21888K
}
Event: 16272.522 GC heap before
{Heap before GC invocations=6667 (full 4101):
 def new generation   total 157248K, used 157247K [0x04c00000, 0x0f6a0000, 0x0f6a0000)
  eden space 139776K,  99% used [0x04c00000, 0x0d47fff8, 0x0d480000)
  from space 17472K,  99% used [0x0e590000, 0x0f69ff90, 0x0f6a0000)
  to   space 17472K,   0% used [0x0d480000, 0x0d480000, 0x0e590000)
 tenured generation   total 349568K, used 349567K [0x0f6a0000, 0x24c00000, 0x24c00000)
   the space 349568K,  99% used [0x0f6a0000, 0x24bfff90, 0x24c00000, 0x24c00000)
 Metaspace       used 20473K, capacity 20928K, committed 21120K, reserved 21888K
Event: 16273.893 GC heap after
Heap after GC invocations=6668 (full 4102):
 def new generation   total 157248K, used 157247K [0x04c00000, 0x0f6a0000, 0x0f6a0000)
  eden space 139776K,  99% used [0x04c00000, 0x0d47ffe8, 0x0d480000)
  from space 17472K,  99% used [0x0e590000, 0x0f69fd98, 0x0f6a0000)
  to   space 17472K,   0% used [0x0d480000, 0x0d480000, 0x0e590000)
 tenured generation   total 349568K, used 349567K [0x0f6a0000, 0x24c00000, 0x24c00000)
   the space 349568K,  99% used [0x0f6a0000, 0x24bfff90, 0x24c00000, 0x24c00000)
 Metaspace       used 20473K, capacity 20928K, committed 21120K, reserved 21888K
}
Event: 16273.893 GC heap before
{Heap before GC invocations=6668 (full 4102):
 def new generation   total 157248K, used 157247K [0x04c00000, 0x0f6a0000, 0x0f6a0000)
  eden space 139776K,  99% used [0x04c00000, 0x0d47fff8, 0x0d480000)
  from space 17472K, 100% used [0x0e590000, 0x0f6a0000, 0x0f6a0000)
  to   space 17472K,   0% used [0x0d480000, 0x0d480000, 0x0e590000)
 tenured generation   total 349568K, used 349567K [0x0f6a0000, 0x24c00000, 0x24c00000)
   the space 349568K,  99% used [0x0f6a0000, 0x24bfffe8, 0x24c00000, 0x24c00000)
 Metaspace       used 20473K, capacity 20928K, committed 21120K, reserved 21888K
Event: 16275.210 GC heap after
Heap after GC invocations=6669 (full 4103):
 def new generation   total 157248K, used 157247K [0x04c00000, 0x0f6a0000, 0x0f6a0000)
  eden space 139776K,  99% used [0x04c00000, 0x0d47ffe8, 0x0d480000)
  from space 17472K,  99% used [0x0e590000, 0x0f69fce8, 0x0f6a0000)
  to   space 17472K,   0% used [0x0d480000, 0x0d480000, 0x0e590000)
 tenured generation   total 349568K, used 349567K [0x0f6a0000, 0x24c00000, 0x24c00000)
   the space 349568K,  99% used [0x0f6a0000, 0x24bfffe8, 0x24c00000, 0x24c00000)
 Metaspace       used 20473K, capacity 20928K, committed 21120K, reserved 21888K
}
Event: 16275.210 GC heap before
{Heap before GC invocations=6669 (full 4103):
 def new generation   total 157248K, used 157247K [0x04c00000, 0x0f6a0000, 0x0f6a0000)
  eden space 139776K,  99% used [0x04c00000, 0x0d47fff8, 0x0d480000)
  from space 17472K,  99% used [0x0e590000, 0x0f69fe48, 0x0f6a0000)
  to   space 17472K,   0% used [0x0d480000, 0x0d480000, 0x0e590000)
 tenured generation   total 349568K, used 349567K [0x0f6a0000, 0x24c00000, 0x24c00000)
   the space 349568K,  99% used [0x0f6a0000, 0x24bfffe8, 0x24c00000, 0x24c00000)
 Metaspace       used 20473K, capacity 20928K, committed 21120K, reserved 21888K
Event: 16276.522 GC heap after
Heap after GC invocations=6670 (full 4104):
 def new generation   total 157248K, used 157247K [0x04c00000, 0x0f6a0000, 0x0f6a0000)
  eden space 139776K,  99% used [0x04c00000, 0x0d47ffe8, 0x0d480000)
  from space 17472K,  99% used [0x0e590000, 0x0f69fcc0, 0x0f6a0000)
  to   space 17472K,   0% used [0x0d480000, 0x0d480000, 0x0e590000)
 tenured generation   total 349568K, used 349567K [0x0f6a0000, 0x24c00000, 0x24c00000)
   the space 349568K,  99% used [0x0f6a0000, 0x24bfff90, 0x24c00000, 0x24c00000)
 Metaspace       used 20473K, capacity 20928K, committed 21120K, reserved 21888K
}
Event: 16276.522 GC heap before
{Heap before GC invocations=6670 (full 4104):
 def new generation   total 157248K, used 157247K [0x04c00000, 0x0f6a0000, 0x0f6a0000)
  eden space 139776K,  99% used [0x04c00000, 0x0d47ffe8, 0x0d480000)
  from space 17472K,  99% used [0x0e590000, 0x0f69fcc0, 0x0f6a0000)
  to   space 17472K,   0% used [0x0d480000, 0x0d480000, 0x0e590000)
 tenured generation   total 349568K, used 349567K [0x0f6a0000, 0x24c00000, 0x24c00000)
   the space 349568K,  99% used [0x0f6a0000, 0x24bfff90, 0x24c00000, 0x24c00000)
 Metaspace       used 20473K, capacity 20928K, committed 21120K, reserved 21888K
Event: 16277.840 GC heap after
Heap after GC invocations=6671 (full 4105):
 def new generation   total 157248K, used 157247K [0x04c00000, 0x0f6a0000, 0x0f6a0000)
  eden space 139776K,  99% used [0x04c00000, 0x0d47ffe8, 0x0d480000)
  from space 17472K,  99% used [0x0e590000, 0x0f69fcc0, 0x0f6a0000)
  to   space 17472K,   0% used [0x0d480000, 0x0d480000, 0x0e590000)
 tenured generation   total 349568K, used 349567K [0x0f6a0000, 0x24c00000, 0x24c00000)
   the space 349568K,  99% used [0x0f6a0000, 0x24bfff90, 0x24c00000, 0x24c00000)
 Metaspace       used 20473K, capacity 20928K, committed 21120K, reserved 21888K
}

Deoptimization events (0 events):
No events

Internal exceptions (10 events):
Event: 15816.656 Thread 0x26206800 Exception <a 'java/io/IOException'> (0x0f69efc8) thrown at [C:\workspace\8-2-build-windows-i586-cygwin\jdk8u144\9417\hotspot\src\share\vm\prims\jni.cpp, line 709]
Event: 15816.657 Thread 0x26206800 Exception <a 'java/io/IOException'> (0x0f69fd68) thrown at [C:\workspace\8-2-build-windows-i586-cygwin\jdk8u144\9417\hotspot\src\share\vm\prims\jni.cpp, line 709]
Event: 15819.186 Thread 0x26206800 Exception <a 'java/io/IOException'> (0x0f69e2b0) thrown at [C:\workspace\8-2-build-windows-i586-cygwin\jdk8u144\9417\hotspot\src\share\vm\prims\jni.cpp, line 709]
Event: 15819.186 Thread 0x26206800 Exception <a 'java/io/IOException'> (0x0f69e4f8) thrown at [C:\workspace\8-2-build-windows-i586-cygwin\jdk8u144\9417\hotspot\src\share\vm\prims\jni.cpp, line 709]
Event: 16248.043 Thread 0x26203c00 Exception <a 'java/lang/OutOfMemoryError'> (0x0f6fa250) thrown at [C:\workspace\8-2-build-windows-i586-cygwin\jdk8u144\9417\hotspot\src\share\vm\gc_interface/collectedHeap.inline.hpp, line 159]
Event: 16253.558 Thread 0x26203c00 Exception <a 'java/lang/OutOfMemoryError'> (0x0f6fa250) thrown at [C:\workspace\8-2-build-windows-i586-cygwin\jdk8u144\9417\hotspot\src\share\vm\gc_interface/collectedHeap.inline.hpp, line 159]
Event: 16271.134 Thread 0x26204400 Exception <a 'java/lang/OutOfMemoryError'> (0x0f6fa250) thrown at [C:\workspace\8-2-build-windows-i586-cygwin\jdk8u144\9417\hotspot\src\share\vm\gc_interface/collectedHeap.inline.hpp, line 159]
Event: 16273.893 Thread 0x26204400 Exception <a 'java/io/IOException'> (0x0f69fd08) thrown at [C:\workspace\8-2-build-windows-i586-cygwin\jdk8u144\9417\hotspot\src\share\vm\prims\jni.cpp, line 709]
Event: 16277.840 Thread 0x27a00800 Exception <a 'java/lang/OutOfMemoryError'> (0x0f6fa250) thrown at [C:\workspace\8-2-build-windows-i586-cygwin\jdk8u144\9417\hotspot\src\share\vm\gc_interface/collectedHeap.inline.hpp, line 159]
Event: 16277.841 Thread 0x26204400 Exception <a 'java/io/IOException'> (0x0f69fd08) thrown at [C:\workspace\8-2-build-windows-i586-cygwin\jdk8u144\9417\hotspot\src\share\vm\prims\jni.cpp, line 709]

Events (10 events):
Event: 16268.538 Executing VM operation: GenCollectForAllocation
Event: 16271.134 Executing VM operation: GenCollectForAllocation done
Event: 16271.134 Executing VM operation: GenCollectForAllocation
Event: 16272.522 Executing VM operation: GenCollectForAllocation done
Event: 16272.522 Executing VM operation: GenCollectForAllocation
Event: 16273.893 Executing VM operation: GenCollectForAllocation done
Event: 16273.893 Executing VM operation: GenCollectForAllocation
Event: 16275.210 Executing VM operation: GenCollectForAllocation done
Event: 16275.210 Executing VM operation: GenCollectForAllocation
Event: 16277.840 Executing VM operation: GenCollectForAllocation done


Dynamic libraries:
0x01390000 - 0x013c3000 	C:\Program Files (x86)\Arduino\java\bin\javaw.exe
0x77080000 - 0x77200000 	C:\Windows\SysWOW64\ntdll.dll
0x76630000 - 0x76740000 	C:\Windows\syswow64\kernel32.dll
0x75e10000 - 0x75e57000 	C:\Windows\syswow64\KERNELBASE.dll
0x74b00000 - 0x74ba1000 	C:\Windows\syswow64\ADVAPI32.dll
0x76510000 - 0x765bc000 	C:\Windows\syswow64\msvcrt.dll
0x76a50000 - 0x76a69000 	C:\Windows\SysWOW64\sechost.dll
0x76b30000 - 0x76c20000 	C:\Windows\syswow64\RPCRT4.dll
0x747a0000 - 0x74800000 	C:\Windows\syswow64\SspiCli.dll
0x74790000 - 0x7479c000 	C:\Windows\syswow64\CRYPTBASE.dll
0x76950000 - 0x76a50000 	C:\Windows\syswow64\USER32.dll
0x76aa0000 - 0x76b30000 	C:\Windows\syswow64\GDI32.dll
0x75930000 - 0x7593a000 	C:\Windows\syswow64\LPK.dll
0x75e60000 - 0x75efd000 	C:\Windows\syswow64\USP10.dll
0x739a0000 - 0x73b3e000 	C:\Windows\WinSxS\x86_microsoft.windows.common-controls_6595b64144ccf1df_6.0.7601.24483_none_2b200f664577e14b\COMCTL32.dll
0x75950000 - 0x759a7000 	C:\Windows\syswow64\SHLWAPI.dll
0x76c20000 - 0x76c80000 	C:\Windows\system32\IMM32.DLL
0x759b0000 - 0x75a7e000 	C:\Windows\syswow64\MSCTF.dll
0x75910000 - 0x75915000 	C:\Windows\syswow64\api-ms-win-downlevel-advapi32-l1-1-0.dll
0x734d0000 - 0x734f1000 	C:\Windows\system32\ntmarta.dll
0x74ab0000 - 0x74af5000 	C:\Windows\syswow64\WLDAP32.dll
0x716a0000 - 0x7175f000 	C:\Program Files (x86)\Arduino\java\bin\msvcr100.dll
0x712d0000 - 0x7169e000 	C:\Program Files (x86)\Arduino\java\bin\client\jvm.dll
0x73c20000 - 0x73c27000 	C:\Windows\system32\WSOCK32.dll
0x765d0000 - 0x76605000 	C:\Windows\syswow64\WS2_32.dll
0x76500000 - 0x76506000 	C:\Windows\syswow64\NSI.dll
0x74700000 - 0x74732000 	C:\Windows\system32\WINMM.dll
0x73b40000 - 0x73b49000 	C:\Windows\system32\VERSION.dll
0x74800000 - 0x74805000 	C:\Windows\syswow64\PSAPI.DLL
0x73430000 - 0x73460000 	C:\Program Files (x86)\Arduino\java\bin\splashscreen.dll
0x73e70000 - 0x73ef0000 	C:\Windows\system32\uxtheme.dll
0x73560000 - 0x7356c000 	C:\Program Files (x86)\Arduino\java\bin\verify.dll
0x72b40000 - 0x72b61000 	C:\Program Files (x86)\Arduino\java\bin\java.dll
0x72ed0000 - 0x72ee3000 	C:\Program Files (x86)\Arduino\java\bin\zip.dll
0x76750000 - 0x768af000 	C:\Windows\system32\ole32.dll
0x75d70000 - 0x75e02000 	C:\Windows\syswow64\OLEAUT32.DLL
0x74bb0000 - 0x757fc000 	C:\Windows\syswow64\SHELL32.dll
0x76940000 - 0x7694b000 	C:\Windows\syswow64\profapi.dll
0x61940000 - 0x619b2000 	C:\Program Files (x86)\Arduino\lib\listSerialsj.dll
0x76360000 - 0x764fd000 	C:\Windows\syswow64\SETUPAPI.dll
0x76a70000 - 0x76a97000 	C:\Windows\syswow64\CFGMGR32.dll
0x76c80000 - 0x76c92000 	C:\Windows\syswow64\DEVOBJ.dll
0x72b20000 - 0x72b3d000 	C:\Program Files (x86)\Arduino\lib\jnidispatch-4.2.2-win32-x86.dll
0x72b00000 - 0x72b16000 	C:\Program Files (x86)\Arduino\java\bin\net.dll
0x73e00000 - 0x73e3c000 	C:\Windows\system32\mswsock.dll
0x73550000 - 0x73556000 	C:\Windows\System32\wship6.dll
0x73420000 - 0x7342f000 	C:\Program Files (x86)\Arduino\java\bin\nio.dll
0x71180000 - 0x712c5000 	C:\Program Files (x86)\Arduino\java\bin\awt.dll
0x73e50000 - 0x73e63000 	C:\Windows\system32\dwmapi.dll
0x71140000 - 0x71179000 	C:\Program Files (x86)\Arduino\java\bin\fontmanager.dll
0x71070000 - 0x71138000 	C:\Windows\system32\opengl32.dll
0x71040000 - 0x71062000 	C:\Windows\system32\GLU32.dll
0x70f50000 - 0x71037000 	C:\Windows\system32\DDRAW.dll
0x72af0000 - 0x72af6000 	C:\Windows\system32\DCIMAN32.dll
0x70f10000 - 0x70f42000 	C:\Program Files (x86)\Arduino\java\bin\t2k.dll
0x746e0000 - 0x746fc000 	C:\Windows\system32\IPHLPAPI.DLL
0x746d0000 - 0x746d7000 	C:\Windows\system32\WINNSI.DLL
0x72ae0000 - 0x72aed000 	C:\Windows\system32\dhcpcsvc6.DLL
0x708b0000 - 0x708c2000 	C:\Windows\system32\dhcpcsvc.DLL
0x75a90000 - 0x75abf000 	C:\Windows\syswow64\WINTRUST.dll
0x75ac0000 - 0x75be2000 	C:\Windows\syswow64\CRYPT32.dll
0x76740000 - 0x7674c000 	C:\Windows\syswow64\MSASN1.dll
0x70860000 - 0x708a4000 	C:\Windows\system32\DNSAPI.dll
0x73df0000 - 0x73df5000 	C:\Windows\System32\wshtcpip.dll
0x70850000 - 0x70856000 	C:\Windows\system32\rasadhlp.dll
0x70ed0000 - 0x70f08000 	C:\Windows\System32\fwpuclnt.dll
0x71990000 - 0x719f9000 	C:\Program Files (x86)\Arduino\msvcp100.dll
0x718d0000 - 0x7198e000 	C:\Program Files (x86)\Arduino\msvcr100.dll
0x27e50000 - 0x27e82000 	C:\Program Files (x86)\Arduino\lib\AStylej.dll
0x718a0000 - 0x718c4000 	C:\Program Files (x86)\Arduino\java\bin\dcpr.dll
0x75880000 - 0x75903000 	C:\Windows\syswow64\CLBCatQ.DLL
0x71760000 - 0x71891000 	C:\Windows\system32\WindowsCodecs.dll
0x73b50000 - 0x73b9c000 	C:\Windows\system32\apphelp.dll
0x70bc0000 - 0x70bf1000 	C:\Windows\system32\EhStorShell.dll
0x6fd40000 - 0x6fe35000 	C:\Windows\system32\PROPSYS.dll
0x70ae0000 - 0x70b50000 	C:\Windows\system32\ntshrui.dll
0x73510000 - 0x73529000 	C:\Windows\system32\srvcli.dll
0x70c30000 - 0x70c3b000 	C:\Windows\system32\cscapi.dll
0x70c20000 - 0x70c2a000 	C:\Windows\system32\slc.dll
0x702f0000 - 0x70310000 	C:\Program Files (x86)\Arduino\java\bin\sunec.dll
0x70120000 - 0x70137000 	C:\Windows\system32\CRYPTSP.dll
0x6fc90000 - 0x6fccb000 	C:\Windows\system32\rsaenh.dll
0x76340000 - 0x76359000 	C:\Windows\syswow64\USERENV.dll
0x702e0000 - 0x702e9000 	C:\Program Files (x86)\Arduino\java\bin\sunmscapi.dll
0x64000000 - 0x6401b000 	C:\Program Files (x86)\Arduino\lib\jSSC-2.8_x86.dll
0x72ef0000 - 0x72fdb000 	C:\Windows\system32\dbghelp.dll

VM Arguments:
jvm_args: -Dsun.java2d.d3d=false -Djna.nosys=true -Djna.nounpack=true -Djna.boot.library.name=jnidispatch-4.2.2-win32-x86 -Djna.boot.library.path=C:\Program Files (x86)\Arduino/lib -Djssc.library.path=C:\Program Files (x86)\Arduino/lib -DAPP_DIR=C:\Program Files (x86)\Arduino -Xms128M -Xmx512M 
java_command: processing.app.Base C:\Users\aut\Documents\bruno\LIT\Wendel\Motocross\GPS\ESP32_GPS_DadosCrus\ESP32_GPS_DadosCrus.ino
java_class_path (initial): C:\Program Files (x86)\Arduino\lib\apple.jar;C:\Program Files (x86)\Arduino\lib\arduino-core.jar;C:\Program Files (x86)\Arduino\lib\batik-1.8.jar;C:\Program Files (x86)\Arduino\lib\batik-anim-1.8.jar;C:\Program Files (x86)\Arduino\lib\batik-awt-util-1.8.jar;C:\Program Files (x86)\Arduino\lib\batik-bridge-1.8.jar;C:\Program Files (x86)\Arduino\lib\batik-codec-1.8.jar;C:\Program Files (x86)\Arduino\lib\batik-css-1.8.jar;C:\Program Files (x86)\Arduino\lib\batik-dom-1.8.jar;C:\Program Files (x86)\Arduino\lib\batik-ext-1.8.jar;C:\Program Files (x86)\Arduino\lib\batik-gvt-1.8.jar;C:\Program Files (x86)\Arduino\lib\batik-parser-1.8.jar;C:\Program Files (x86)\Arduino\lib\batik-rasterizer-1.8.jar;C:\Program Files (x86)\Arduino\lib\batik-script-1.8.jar;C:\Program Files (x86)\Arduino\lib\batik-squiggle-1.8.jar;C:\Program Files (x86)\Arduino\lib\batik-svg-dom-1.8.jar;C:\Program Files (x86)\Arduino\lib\batik-svgpp-1.8.jar;C:\Program Files (x86)\Arduino\lib\batik-transcoder-1.8.jar;C:\Program Files (x86)\Arduino\lib\batik-util-1.8.jar;C:\Program Files (x86)\Arduino\lib\batik-xml-1.8.jar;C:\Program Files (x86)\Arduino\lib\bcpg-jdk15on-152.jar;C:\Program Files (x86)\Arduino\lib\bcprov-jdk15on-152.jar;C:\Program Files (x86)\Arduino\lib\commons-codec-1.7.jar;C:\Program Files (x86)\Arduino\lib\commons-compress-1.8.jar;C:\Program Files (x86)\Arduino\lib\commons-exec-1.1.jar;C:\Program Files (x86)\Arduino\lib\commons-httpclient-3.1.jar;C:\Program Files (x86)\Arduino\lib\commons-lang3-3.3.2.jar;C:\Program Files (x86)\Arduino\lib\commons-logging-1.0.4.jar;C:\Program Files (x86)\Arduino\lib\commons-net-3.3.jar;C:\Program Files (x86)\Arduino\lib\jackson-annotations-2.6.3.jar;C:\Program Files (x86)\Arduino\lib\jackson-core-2.6.3.jar;C:\Program Files (x86)\Arduino\lib\jackson-databind-2.6.3.jar;C:\Program Files (x86)\Arduino\lib\jackson-module-mrbean-2.6.3.jar;C:\Program Files (x86)\Arduino\lib\java-semver-0.8.0.jar;C:\Program Files (x86)\Arduino\lib\jmdns-3.5.1.j
Launcher Type: SUN_STANDARD

Environment Variables:
PATH=C:\Program Files (x86)\Common Files\Oracle\Java\javapath;C:\ProgramData\Oracle\Java\javapath;C:\Program Files (x86)\Microchip\mplabc18\v3.47\mpasm;C:\Program Files (x86)\Microchip\mplabc18\v3.47\bin;C:\Windows\system32;C:\Windows;C:\Windows\System32\Wbem;C:\Windows\System32\WindowsPowerShell\v1.0\;C:\Program Files (x86)\Microchip\MPLAB C32 Suite\bin;C:\TDM-GCC-64\bin;C:\Program Files\swipl\bin;C:\Program Files\PuTTY\;C:\MinGW\bin;C:\Program Files (x86)\Microchip\xc8\v2.05\bin;C:\Program Files\Git\cmd;C:\Program Files\nodejs\;C:\Users\aut\AppData\Local\Programs\Python\Python37-32\Scripts\;C:\Users\aut\AppData\Local\Programs\Python\Python37-32\;C:\Program Files (x86)\Microchip\mplabc18\v3.47\mpasm;C:\Program Files (x86)\Microchip\mplabc18\v3.47\bin;C:\Users\aut\AppData\Local\Programs\Microsoft VS Code\bin;C:\Users\aut\AppData\Roaming\npm;C:\Program Files\JetBrains\PyCharm Community Edition 2019.3\bin;;C:\Program Files (x86)\Arduino\java\bin
USERNAME=aut
OS=Windows_NT
PROCESSOR_IDENTIFIER=Intel64 Family 6 Model 55 Stepping 8, GenuineIntel



---------------  S Y S T E M  ---------------

OS: Windows 7 , 64 bit Build 7601 (6.1.7601.24545)

CPU:total 2 (initial active 2) (2 cores per cpu, 1 threads per core) family 6 model 55 stepping 8, cmov, cx8, fxsr, mmx, sse, sse2, sse3, ssse3, sse4.1, sse4.2, popcnt, clmul, erms, 3dnowpref, tsc, tscinvbit

Memory: 4k page, physical 8272012k(2538576k free), swap 16542124k(11277156k free)

vm_info: Java HotSpot(TM) Client VM (25.144-b01) for windows-x86 JRE (1.8.0_144-b01), built on Jul 21 2017 21:58:05 by "java_re" with MS VC++ 10.0 (VS2010)

time: Thu Feb 13 02:19:45 2020
elapsed time: 16278 seconds (0d 4h 31m 18s)

